<?xml version="1.0" encoding="UTF-8"?>
<!-- Generated by org.testng.reporters.JUnitReportReporter -->
<testsuite skipped="0" hostname="DPIDEVLT141" name="SeleniumAutomation.loginPageTest" tests="1" failures="0" timestamp="2020-04-09T19:05:34 IST" time="5.506" errors="0">
  <testcase name="selectOrganization" time="5.506" classname="SeleniumAutomation.loginPageTest"/>
  <system-out/>
</testsuite> <!-- SeleniumAutomation.loginPageTest -->
